<?xml version="1.0" encoding="UTF-8" ?>
<testsuite tests="2" failures="2" name="TestRunner" time="0.01" errors="0" skipped="0">
  <properties>
[...]
</properties>
  <testcase classname="Scenario: Test" name="Given Test" time="0.005">
    <failure message="expected:&lt;...ation Tools Tutorial[]&gt; but was:&lt;...ation Tools Tutorial[2]&gt;" type="org.junit.ComparisonFailure">org.junit.ComparisonFailure: expected:&lt;...ation Tools Tutorial[]&gt; but was:&lt;...ation Tools Tutorial[2]&gt;
	at org.junit.Assert.assertEquals(Assert.java:115)
	at org.junit.Assert.assertEquals(Assert.java:144)
	at steps.TestSteps.test(TestSteps.java:42)
	at ✽.Given Test(test.feature:4)
</failure>
    <system-out>Feature: Test
</system-out>
  </testcase>
  <testcase classname="Scenario: Test" name="Scenario: Test" time="0.005">
    <failure message="expected:&lt;...ation Tools Tutorial[]&gt; but was:&lt;...ation Tools Tutorial[2]&gt;" type="org.junit.ComparisonFailure">org.junit.ComparisonFailure: expected:&lt;...ation Tools Tutorial[]&gt; but was:&lt;...ation Tools Tutorial[2]&gt;
	at org.junit.Assert.assertEquals(Assert.java:115)
	at org.junit.Assert.assertEquals(Assert.java:144)
	at steps.TestSteps.test(TestSteps.java:42)
	at ✽.Given Test(test.feature:4)
</failure>
  </testcase>
</testsuite>